{"/Users/james/Workspace/gh/infrastructure/vitruvian/pulumi-library/ts/packages/budget/dist/index.d.ts": {"path":"/Users/james/Workspace/gh/infrastructure/vitruvian/pulumi-library/ts/packages/budget/dist/index.d.ts","statementMap":{},"fnMap":{},"branchMap":{},"s":{},"f":{},"b":{},"meta":{"lastBranch":0,"lastFunction":0,"lastStatement":0,"seen":{}}}
,"/Users/james/Workspace/gh/infrastructure/vitruvian/pulumi-library/ts/packages/cb-private-pool/dist/index.d.ts": {"path":"/Users/james/Workspace/gh/infrastructure/vitruvian/pulumi-library/ts/packages/cb-private-pool/dist/index.d.ts","statementMap":{},"fnMap":{},"branchMap":{},"s":{},"f":{},"b":{},"meta":{"lastBranch":0,"lastFunction":0,"lastStatement":0,"seen":{}}}
,"/Users/james/Workspace/gh/infrastructure/vitruvian/pulumi-library/ts/packages/centralized-logging/dist/index.d.ts": {"path":"/Users/james/Workspace/gh/infrastructure/vitruvian/pulumi-library/ts/packages/centralized-logging/dist/index.d.ts","statementMap":{},"fnMap":{},"branchMap":{},"s":{},"f":{},"b":{},"meta":{"lastBranch":0,"lastFunction":0,"lastStatement":0,"seen":{}}}
,"/Users/james/Workspace/gh/infrastructure/vitruvian/pulumi-library/ts/packages/dns-hub/dist/index.d.ts": {"path":"/Users/james/Workspace/gh/infrastructure/vitruvian/pulumi-library/ts/packages/dns-hub/dist/index.d.ts","statementMap":{},"fnMap":{},"branchMap":{},"s":{},"f":{},"b":{},"meta":{"lastBranch":0,"lastFunction":0,"lastStatement":0,"seen":{}}}
,"/Users/james/Workspace/gh/infrastructure/vitruvian/pulumi-library/ts/packages/google-group/dist/index.d.ts": {"path":"/Users/james/Workspace/gh/infrastructure/vitruvian/pulumi-library/ts/packages/google-group/dist/index.d.ts","statementMap":{},"fnMap":{},"branchMap":{},"s":{},"f":{},"b":{},"meta":{"lastBranch":0,"lastFunction":0,"lastStatement":0,"seen":{}}}
,"/Users/james/Workspace/gh/infrastructure/vitruvian/pulumi-library/ts/packages/hierarchical-firewall-policy/dist/index.d.ts": {"path":"/Users/james/Workspace/gh/infrastructure/vitruvian/pulumi-library/ts/packages/hierarchical-firewall-policy/dist/index.d.ts","statementMap":{},"fnMap":{},"branchMap":{},"s":{},"f":{},"b":{},"meta":{"lastBranch":0,"lastFunction":0,"lastStatement":0,"seen":{}}}
,"/Users/james/Workspace/gh/infrastructure/vitruvian/pulumi-library/ts/packages/instance-template/dist/index.d.ts": {"path":"/Users/james/Workspace/gh/infrastructure/vitruvian/pulumi-library/ts/packages/instance-template/dist/index.d.ts","statementMap":{},"fnMap":{},"branchMap":{},"s":{},"f":{},"b":{},"meta":{"lastBranch":0,"lastFunction":0,"lastStatement":0,"seen":{}}}
,"/Users/james/Workspace/gh/infrastructure/vitruvian/pulumi-library/ts/packages/kms/dist/index.d.ts": {"path":"/Users/james/Workspace/gh/infrastructure/vitruvian/pulumi-library/ts/packages/kms/dist/index.d.ts","statementMap":{},"fnMap":{},"branchMap":{},"s":{},"f":{},"b":{},"meta":{"lastBranch":0,"lastFunction":0,"lastStatement":0,"seen":{}}}
,"/Users/james/Workspace/gh/infrastructure/vitruvian/pulumi-library/ts/packages/network-peering/dist/index.d.ts": {"path":"/Users/james/Workspace/gh/infrastructure/vitruvian/pulumi-library/ts/packages/network-peering/dist/index.d.ts","statementMap":{},"fnMap":{},"branchMap":{},"s":{},"f":{},"b":{},"meta":{"lastBranch":0,"lastFunction":0,"lastStatement":0,"seen":{}}}
,"/Users/james/Workspace/gh/infrastructure/vitruvian/pulumi-library/ts/packages/network/dist/index.d.ts": {"path":"/Users/james/Workspace/gh/infrastructure/vitruvian/pulumi-library/ts/packages/network/dist/index.d.ts","statementMap":{},"fnMap":{},"branchMap":{},"s":{},"f":{},"b":{},"meta":{"lastBranch":0,"lastFunction":0,"lastStatement":0,"seen":{}}}
,"/Users/james/Workspace/gh/infrastructure/vitruvian/pulumi-library/ts/packages/org-policy/dist/index.d.ts": {"path":"/Users/james/Workspace/gh/infrastructure/vitruvian/pulumi-library/ts/packages/org-policy/dist/index.d.ts","statementMap":{},"fnMap":{},"branchMap":{},"s":{},"f":{},"b":{},"meta":{"lastBranch":0,"lastFunction":0,"lastStatement":0,"seen":{}}}
,"/Users/james/Workspace/gh/infrastructure/vitruvian/pulumi-library/ts/packages/parent-iam/dist/index.d.ts": {"path":"/Users/james/Workspace/gh/infrastructure/vitruvian/pulumi-library/ts/packages/parent-iam/dist/index.d.ts","statementMap":{},"fnMap":{},"branchMap":{},"s":{},"f":{},"b":{},"meta":{"lastBranch":0,"lastFunction":0,"lastStatement":0,"seen":{}}}
,"/Users/james/Workspace/gh/infrastructure/vitruvian/pulumi-library/ts/packages/private-service-connect/dist/index.d.ts": {"path":"/Users/james/Workspace/gh/infrastructure/vitruvian/pulumi-library/ts/packages/private-service-connect/dist/index.d.ts","statementMap":{},"fnMap":{},"branchMap":{},"s":{},"f":{},"b":{},"meta":{"lastBranch":0,"lastFunction":0,"lastStatement":0,"seen":{}}}
,"/Users/james/Workspace/gh/infrastructure/vitruvian/pulumi-library/ts/packages/project-factory/dist/index.d.ts": {"path":"/Users/james/Workspace/gh/infrastructure/vitruvian/pulumi-library/ts/packages/project-factory/dist/index.d.ts","statementMap":{},"fnMap":{},"branchMap":{},"s":{},"f":{},"b":{},"meta":{"lastBranch":0,"lastFunction":0,"lastStatement":0,"seen":{}}}
,"/Users/james/Workspace/gh/infrastructure/vitruvian/pulumi-library/ts/packages/simple-bucket/dist/index.d.ts": {"path":"/Users/james/Workspace/gh/infrastructure/vitruvian/pulumi-library/ts/packages/simple-bucket/dist/index.d.ts","statementMap":{},"fnMap":{},"branchMap":{},"s":{},"f":{},"b":{},"meta":{"lastBranch":0,"lastFunction":0,"lastStatement":0,"seen":{}}}
,"/Users/james/Workspace/gh/infrastructure/vitruvian/pulumi-library/ts/packages/vpn-ha/dist/index.d.ts": {"path":"/Users/james/Workspace/gh/infrastructure/vitruvian/pulumi-library/ts/packages/vpn-ha/dist/index.d.ts","statementMap":{},"fnMap":{},"branchMap":{},"s":{},"f":{},"b":{},"meta":{"lastBranch":0,"lastFunction":0,"lastStatement":0,"seen":{}}}
}
